This is pdfTeX, Version 3.14159265-2.6-1.40.16 (TeX Live 2015) (preloaded format=pdflatex 2015.5.24)  23 FEB 2017 10:02
entering extended mode
 restricted \write18 enabled.
 file:line:error style messages enabled.
 %&-line parsing enabled.
**icmlpaper2017.tex
(./icmlpaper2017.tex
LaTeX2e <2015/01/01>
Babel <3.9l> and hyphenation patterns for 79 languages loaded.
(/usr/local/texlive/2015/texmf-dist/tex/latex/base/article.cls
Document Class: article 2014/09/29 v1.4h Standard LaTeX document class
(/usr/local/texlive/2015/texmf-dist/tex/latex/base/size10.clo
File: size10.clo 2014/09/29 v1.4h Standard LaTeX file (size option)
)
\c@part=\count79
\c@section=\count80
\c@subsection=\count81
\c@subsubsection=\count82
\c@paragraph=\count83
\c@subparagraph=\count84
\c@figure=\count85
\c@table=\count86
\abovecaptionskip=\skip41
\belowcaptionskip=\skip42
\bibindent=\dimen102
)
(/usr/local/texlive/2015/texmf-dist/tex/latex/psnfss/times.sty
Package: times 2005/04/12 PSNFSS-v9.2a (SPQR) 
)
(/usr/local/texlive/2015/texmf-dist/tex/latex/graphics/graphicx.sty
Package: graphicx 2014/10/28 v1.0g Enhanced LaTeX Graphics (DPC,SPQR)

(/usr/local/texlive/2015/texmf-dist/tex/latex/graphics/keyval.sty
Package: keyval 2014/10/28 v1.15 key=value parser (DPC)
\KV@toks@=\toks14
)
(/usr/local/texlive/2015/texmf-dist/tex/latex/graphics/graphics.sty
Package: graphics 2014/10/28 v1.0p Standard LaTeX Graphics (DPC,SPQR)

(/usr/local/texlive/2015/texmf-dist/tex/latex/graphics/trig.sty
Package: trig 1999/03/16 v1.09 sin cos tan (DPC)
)
(/usr/local/texlive/2015/texmf-dist/tex/latex/latexconfig/graphics.cfg
File: graphics.cfg 2010/04/23 v1.9 graphics configuration of TeX Live
)
Package graphics Info: Driver file: pdftex.def on input line 94.

(/usr/local/texlive/2015/texmf-dist/tex/latex/pdftex-def/pdftex.def
File: pdftex.def 2011/05/27 v0.06d Graphics/color for pdfTeX

(/usr/local/texlive/2015/texmf-dist/tex/generic/oberdiek/infwarerr.sty
Package: infwarerr 2010/04/08 v1.3 Providing info/warning/error messages (HO)
)
(/usr/local/texlive/2015/texmf-dist/tex/generic/oberdiek/ltxcmds.sty
Package: ltxcmds 2011/11/09 v1.22 LaTeX kernel commands for general use (HO)
)
\Gread@gobject=\count87
))
\Gin@req@height=\dimen103
\Gin@req@width=\dimen104
)
(/usr/local/texlive/2015/texmf-dist/tex/latex/subfigure/subfigure.sty
Package: subfigure 2002/03/15 v2.1.5 subfigure package
\subfigtopskip=\skip43
\subfigcapskip=\skip44
\subfigcaptopadj=\dimen105
\subfigbottomskip=\skip45
\subfigcapmargin=\dimen106
\subfiglabelskip=\skip46
\c@subfigure=\count88
\c@lofdepth=\count89
\c@subtable=\count90
\c@lotdepth=\count91

****************************************
* Local config file subfigure.cfg used *
****************************************
(/usr/local/texlive/2015/texmf-dist/tex/latex/subfigure/subfigure.cfg)
\subfig@top=\skip47
\subfig@bottom=\skip48
)
(./natbib.sty
Package: natbib 2009/07/16 8.31 (PWD, AO)
\bibhang=\skip49
\bibsep=\skip50
LaTeX Info: Redefining \cite on input line 694.
\c@NAT@ctr=\count92
) (./algorithm.sty
Package: algorithm 

Document Style `algorithm' - floating environment
(/usr/local/texlive/2015/texmf-dist/tex/latex/float/float.sty
Package: float 2001/11/08 v1.3d Float enhancements (AL)
\c@float@type=\count93
\float@exts=\toks15
\float@box=\box26
\@float@everytoks=\toks16
\@floatcapt=\box27
)
(/usr/local/texlive/2015/texmf-dist/tex/latex/base/ifthen.sty
Package: ifthen 2014/09/29 v1.1c Standard LaTeX ifthen package (DPC)
)
\@float@every@algorithm=\toks17
\c@algorithm=\count94
)
(./algorithmic.sty
Package: algorithmic 

Document Style `algorithmic' - environment
(/usr/local/texlive/2015/texmf-dist/tex/latex/tools/calc.sty
Package: calc 2014/10/28 v4.3 Infix arithmetic (KKT,FJ)
\calc@Acount=\count95
\calc@Bcount=\count96
\calc@Adimen=\dimen107
\calc@Bdimen=\dimen108
\calc@Askip=\skip51
\calc@Bskip=\skip52
LaTeX Info: Redefining \setlength on input line 80.
LaTeX Info: Redefining \addtolength on input line 81.
\calc@Ccount=\count97
\calc@Cskip=\skip53
)
\c@ALC@line=\count98
\c@ALC@rem=\count99
\ALC@tlm=\skip54
)
(/usr/local/texlive/2015/texmf-dist/tex/latex/hyperref/hyperref.sty
Package: hyperref 2012/11/06 v6.83m Hypertext links for LaTeX

(/usr/local/texlive/2015/texmf-dist/tex/generic/oberdiek/hobsub-hyperref.sty
Package: hobsub-hyperref 2012/05/28 v1.13 Bundle oberdiek, subset hyperref (HO)


(/usr/local/texlive/2015/texmf-dist/tex/generic/oberdiek/hobsub-generic.sty
Package: hobsub-generic 2012/05/28 v1.13 Bundle oberdiek, subset generic (HO)
Package: hobsub 2012/05/28 v1.13 Construct package bundles (HO)
Package hobsub Info: Skipping package `infwarerr' (already loaded).
Package hobsub Info: Skipping package `ltxcmds' (already loaded).
Package: ifluatex 2010/03/01 v1.3 Provides the ifluatex switch (HO)
Package ifluatex Info: LuaTeX not detected.
Package: ifvtex 2010/03/01 v1.5 Detect VTeX and its facilities (HO)
Package ifvtex Info: VTeX not detected.
Package: intcalc 2007/09/27 v1.1 Expandable calculations with integers (HO)
Package: ifpdf 2011/01/30 v2.3 Provides the ifpdf switch (HO)
Package ifpdf Info: pdfTeX in PDF mode is detected.
Package: etexcmds 2011/02/16 v1.5 Avoid name clashes with e-TeX commands (HO)
Package etexcmds Info: Could not find \expanded.
(etexcmds)             That can mean that you are not using pdfTeX 1.50 or
(etexcmds)             that some package has redefined \expanded.
(etexcmds)             In the latter case, load this package earlier.
Package: kvsetkeys 2012/04/25 v1.16 Key value parser (HO)
Package: kvdefinekeys 2011/04/07 v1.3 Define keys (HO)
Package: pdftexcmds 2011/11/29 v0.20 Utility functions of pdfTeX for LuaTeX (HO
)
Package pdftexcmds Info: LuaTeX not detected.
Package pdftexcmds Info: \pdf@primitive is available.
Package pdftexcmds Info: \pdf@ifprimitive is available.
Package pdftexcmds Info: \pdfdraftmode found.
Package: pdfescape 2011/11/25 v1.13 Implements pdfTeX's escape features (HO)
Package: bigintcalc 2012/04/08 v1.3 Expandable calculations on big integers (HO
)
Package: bitset 2011/01/30 v1.1 Handle bit-vector datatype (HO)
Package: uniquecounter 2011/01/30 v1.2 Provide unlimited unique counter (HO)
)
Package hobsub Info: Skipping package `hobsub' (already loaded).
Package: letltxmacro 2010/09/02 v1.4 Let assignment for LaTeX macros (HO)
Package: hopatch 2012/05/28 v1.2 Wrapper for package hooks (HO)
Package: xcolor-patch 2011/01/30 xcolor patch
Package: atveryend 2011/06/30 v1.8 Hooks at the very end of document (HO)
Package atveryend Info: \enddocument detected (standard20110627).
Package: atbegshi 2011/10/05 v1.16 At begin shipout hook (HO)
Package: refcount 2011/10/16 v3.4 Data extraction from label references (HO)
Package: hycolor 2011/01/30 v1.7 Color options for hyperref/bookmark (HO)
)
(/usr/local/texlive/2015/texmf-dist/tex/generic/ifxetex/ifxetex.sty
Package: ifxetex 2010/09/12 v0.6 Provides ifxetex conditional
)
(/usr/local/texlive/2015/texmf-dist/tex/latex/oberdiek/auxhook.sty
Package: auxhook 2011/03/04 v1.3 Hooks for auxiliary files (HO)
)
(/usr/local/texlive/2015/texmf-dist/tex/latex/oberdiek/kvoptions.sty
Package: kvoptions 2011/06/30 v3.11 Key value format for package options (HO)
)
\@linkdim=\dimen109
\Hy@linkcounter=\count100
\Hy@pagecounter=\count101

(/usr/local/texlive/2015/texmf-dist/tex/latex/hyperref/pd1enc.def
File: pd1enc.def 2012/11/06 v6.83m Hyperref: PDFDocEncoding definition (HO)
)
\Hy@SavedSpaceFactor=\count102

(/usr/local/texlive/2015/texmf-dist/tex/latex/latexconfig/hyperref.cfg
File: hyperref.cfg 2002/06/06 v1.2 hyperref configuration of TeXLive
)
Package hyperref Info: Hyper figures OFF on input line 4443.
Package hyperref Info: Link nesting OFF on input line 4448.
Package hyperref Info: Hyper index ON on input line 4451.
Package hyperref Info: Plain pages OFF on input line 4458.
Package hyperref Info: Backreferencing OFF on input line 4463.
Package hyperref Info: Implicit mode ON; LaTeX internals redefined.
Package hyperref Info: Bookmarks ON on input line 4688.
\c@Hy@tempcnt=\count103

(/usr/local/texlive/2015/texmf-dist/tex/latex/url/url.sty
\Urlmuskip=\muskip10
Package: url 2013/09/16  ver 3.4  Verb mode for urls, etc.
)
LaTeX Info: Redefining \url on input line 5041.
\XeTeXLinkMargin=\dimen110
\Fld@menulength=\count104
\Field@Width=\dimen111
\Fld@charsize=\dimen112
Package hyperref Info: Hyper figures OFF on input line 6295.
Package hyperref Info: Link nesting OFF on input line 6300.
Package hyperref Info: Hyper index ON on input line 6303.
Package hyperref Info: backreferencing OFF on input line 6310.
Package hyperref Info: Link coloring OFF on input line 6315.
Package hyperref Info: Link coloring with OCG OFF on input line 6320.
Package hyperref Info: PDF/A mode OFF on input line 6325.
LaTeX Info: Redefining \ref on input line 6365.
LaTeX Info: Redefining \pageref on input line 6369.
\Hy@abspage=\count105
\c@Item=\count106
\c@Hfootnote=\count107
)

Package hyperref Message: Driver (autodetected): hpdftex.

(/usr/local/texlive/2015/texmf-dist/tex/latex/hyperref/hpdftex.def
File: hpdftex.def 2012/11/06 v6.83m Hyperref driver for pdfTeX
\Fld@listcount=\count108
\c@bookmark@seq@number=\count109

(/usr/local/texlive/2015/texmf-dist/tex/latex/oberdiek/rerunfilecheck.sty
Package: rerunfilecheck 2011/04/15 v1.7 Rerun checks for auxiliary files (HO)
Package uniquecounter Info: New unique counter `rerunfilecheck' on input line 2
82.
)
\Hy@SectionHShift=\skip55
)
(./icml2017.sty
Package: icml2017 2017/01/01 v2.0 ICML Conference Style File
 (./fancyhdr.sty
\fancy@headwidth=\skip56
\f@ncyO@elh=\skip57
\f@ncyO@erh=\skip58
\f@ncyO@olh=\skip59
\f@ncyO@orh=\skip60
\f@ncyO@elf=\skip61
\f@ncyO@erf=\skip62
\f@ncyO@olf=\skip63
\f@ncyO@orf=\skip64
)
(/usr/local/texlive/2015/texmf-dist/tex/latex/graphics/color.sty
Package: color 2014/10/28 v1.1a Standard LaTeX Color (DPC)

(/usr/local/texlive/2015/texmf-dist/tex/latex/latexconfig/color.cfg
File: color.cfg 2007/01/18 v1.5 color configuration of teTeX/TeXLive
)
Package color Info: Driver file: pdftex.def on input line 142.
)
(/usr/local/texlive/2015/texmf-dist/tex/latex/eso-pic/eso-pic.sty
Package: eso-pic 2015/04/20 v2.0e eso-pic (RN)
)
(/usr/local/texlive/2015/texmf-dist/tex/latex/forloop/forloop.sty
Package: forloop 2006/09/18 v3.0 For Loops for LaTeX
)
Package hyperref Info: Option `colorlinks' set `true' on input line 101.
\titrun=\box28
\c@@affiliationcounter=\count110
\c@@affilnum=\count111
\newcaptionbox=\box29
\newcaptionboxwid=\dimen113
\icmlrulerbox=\box30
\icmlrulercount=\count112
\icmlruleroffset=\dimen114
\cv@lineheight=\dimen115
\cv@boxheight=\dimen116
\cv@tmpbox=\box31
\cv@refno=\count113
\cv@tot=\count114
\cv@tmpc@=\count115
\cv@tmpc=\count116
)
(/usr/local/texlive/2015/texmf-dist/tex/latex/preprint/fullpage.sty
Package: fullpage 1999/02/23 1.1 (PWD)
\FP@margin=\skip65
)
(/usr/local/texlive/2015/texmf-dist/tex/latex/amscls/amsthm.sty
Package: amsthm 2015/03/04 v2.20.2
\thm@style=\toks18
\thm@bodyfont=\toks19
\thm@headfont=\toks20
\thm@notefont=\toks21
\thm@headpunct=\toks22
\thm@preskip=\skip66
\thm@postskip=\skip67
\thm@headsep=\skip68
\dth@everypar=\toks23
)
(/usr/local/texlive/2015/texmf-dist/tex/latex/amsfonts/amssymb.sty
Package: amssymb 2013/01/14 v3.01 AMS font symbols

(/usr/local/texlive/2015/texmf-dist/tex/latex/amsfonts/amsfonts.sty
Package: amsfonts 2013/01/14 v3.01 Basic AMSFonts support
\@emptytoks=\toks24
\symAMSa=\mathgroup4
\symAMSb=\mathgroup5
LaTeX Font Info:    Overwriting math alphabet `\mathfrak' in version `bold'
(Font)                  U/euf/m/n --> U/euf/b/n on input line 106.
))
\c@theorem=\count117
\c@assumption=\count118

(/usr/local/texlive/2015/texmf-dist/tex/latex/amsmath/amsmath.sty
Package: amsmath 2013/01/14 v2.14 AMS math features
\@mathmargin=\skip69

For additional information on amsmath, use the `?' option.
(/usr/local/texlive/2015/texmf-dist/tex/latex/amsmath/amstext.sty
Package: amstext 2000/06/29 v2.01

(/usr/local/texlive/2015/texmf-dist/tex/latex/amsmath/amsgen.sty
File: amsgen.sty 1999/11/30 v2.0
\@emptytoks=\toks25
\ex@=\dimen117
))
(/usr/local/texlive/2015/texmf-dist/tex/latex/amsmath/amsbsy.sty
Package: amsbsy 1999/11/29 v1.2d
\pmbraise@=\dimen118
)
(/usr/local/texlive/2015/texmf-dist/tex/latex/amsmath/amsopn.sty
Package: amsopn 1999/12/14 v2.01 operator names
)
\inf@bad=\count119
LaTeX Info: Redefining \frac on input line 210.
\uproot@=\count120
\leftroot@=\count121
LaTeX Info: Redefining \overline on input line 306.
\classnum@=\count122
\DOTSCASE@=\count123
LaTeX Info: Redefining \ldots on input line 378.
LaTeX Info: Redefining \dots on input line 381.
LaTeX Info: Redefining \cdots on input line 466.
\Mathstrutbox@=\box32
\strutbox@=\box33
\big@size=\dimen119
LaTeX Font Info:    Redeclaring font encoding OML on input line 566.
LaTeX Font Info:    Redeclaring font encoding OMS on input line 567.
\macc@depth=\count124
\c@MaxMatrixCols=\count125
\dotsspace@=\muskip11
\c@parentequation=\count126
\dspbrk@lvl=\count127
\tag@help=\toks26
\row@=\count128
\column@=\count129
\maxfields@=\count130
\andhelp@=\toks27
\eqnshift@=\dimen120
\alignsep@=\dimen121
\tagshift@=\dimen122
\tagwidth@=\dimen123
\totwidth@=\dimen124
\lineht@=\dimen125
\@envbody=\toks28
\multlinegap=\skip70
\multlinetaggap=\skip71
\mathdisplay@stack=\toks29
LaTeX Info: Redefining \[ on input line 2665.
LaTeX Info: Redefining \] on input line 2666.
)
(/usr/local/texlive/2015/texmf-dist/tex/latex/thmtools/thmtools.sty
Package: thmtools 2014/04/21 v66
\thmt@toks=\toks30
\c@thmt@dummyctr=\count131

(/usr/local/texlive/2015/texmf-dist/tex/latex/thmtools/thm-patch.sty
Package: thm-patch 2014/04/21 v66

(/usr/local/texlive/2015/texmf-dist/tex/latex/thmtools/parseargs.sty
Package: parseargs 2014/04/21 v66
\@parsespec=\toks31
))
(/usr/local/texlive/2015/texmf-dist/tex/latex/thmtools/thm-kv.sty
Package: thm-kv 2014/04/21 v66
Package thm-kv Info: Theorem names will be uppercased on input line 40.
Package thm-kv Info: kvsetkeys patch (v1.16 or later) on input line 156.
)
(/usr/local/texlive/2015/texmf-dist/tex/latex/thmtools/thm-autoref.sty
Package: thm-autoref 2014/04/21 v66

(/usr/local/texlive/2015/texmf-dist/tex/latex/thmtools/aliasctr.sty
Package: aliasctr 2014/04/21 v66

(/usr/local/texlive/2015/texmf-dist/tex/latex/carlisle/remreset.sty)))
(/usr/local/texlive/2015/texmf-dist/tex/latex/thmtools/thm-listof.sty
Package: thm-listof 2014/04/21 v66
)
(/usr/local/texlive/2015/texmf-dist/tex/latex/thmtools/thm-restate.sty
Package: thm-restate 2014/04/21 v66
)
(/usr/local/texlive/2015/texmf-dist/tex/latex/thmtools/thm-amsthm.sty
Package: thm-amsthm 2014/04/21 v66
\thmt@style@headstyle=\toks32
))
(/usr/local/texlive/2015/texmf-dist/tex/latex/multirow/multirow.sty
\bigstrutjot=\dimen126
)
(/usr/local/texlive/2015/texmf-dist/tex/latex/tools/tabularx.sty
Package: tabularx 2014/10/28 v2.10 `tabularx' package (DPC)

(/usr/local/texlive/2015/texmf-dist/tex/latex/tools/array.sty
Package: array 2014/10/28 v2.4c Tabular extension package (FMi)
\col@sep=\dimen127
\extrarowheight=\dimen128
\NC@list=\toks33
\extratabsurround=\skip72
\backup@length=\skip73
)
\TX@col@width=\dimen129
\TX@old@table=\dimen130
\TX@old@col=\dimen131
\TX@target=\dimen132
\TX@delta=\dimen133
\TX@cols=\count132
\TX@ftn=\toks34
)
(/usr/local/texlive/2015/texmf-dist/tex/latex/colortbl/colortbl.sty
Package: colortbl 2012/02/13 v1.0a Color table columns (DPC)
\everycr=\toks35
\minrowclearance=\skip74
)
(/usr/local/texlive/2015/texmf-dist/tex/latex/caption/caption.sty
Package: caption 2013/05/02 v3.3-89 Customizing captions (AR)

(/usr/local/texlive/2015/texmf-dist/tex/latex/caption/caption3.sty
Package: caption3 2013/05/02 v1.6-88 caption3 kernel (AR)
Package caption3 Info: TeX engine: e-TeX on input line 57.
\captionmargin=\dimen134
\captionmargin@=\dimen135
\captionwidth=\dimen136
\caption@tempdima=\dimen137
\caption@indent=\dimen138
\caption@parindent=\dimen139
\caption@hangindent=\dimen140
Package caption Info: Unknown document class (or package),
(caption)             standard defaults will be used.
)

Package caption Warning: Unsupported document class (or package) detected,
(caption)                usage of the caption package is not recommended.
See the caption package documentation for explanation.

Package caption Info: \@makecaption = \long macro:#1#2-> \vskip 10pt \baselines
kip 11pt \setbox \@tempboxa \hbox {#1. #2} \ifdim \wd \@tempboxa >\hsize \sbox 
{\newcaptionbox }{\small \sl #1.~} \newcaptionboxwid =\wd \newcaptionbox \usebo
x \newcaptionbox {\footnotesize #2} \else \centerline {{\small \sl #1.} {\small
 #2}} \fi .
\c@ContinuedFloat=\count133
Package caption Info: float package is loaded.
Package caption Info: hyperref package is loaded.
Package caption Info: subfigure package is loaded.
) (./icmlpaper2017.aux)
\openout1 = `icmlpaper2017.aux'.

LaTeX Font Info:    Checking defaults for OML/cmm/m/it on input line 135.
LaTeX Font Info:    ... okay on input line 135.
LaTeX Font Info:    Checking defaults for T1/cmr/m/n on input line 135.
LaTeX Font Info:    ... okay on input line 135.
LaTeX Font Info:    Checking defaults for OT1/cmr/m/n on input line 135.
LaTeX Font Info:    ... okay on input line 135.
LaTeX Font Info:    Checking defaults for OMS/cmsy/m/n on input line 135.
LaTeX Font Info:    ... okay on input line 135.
LaTeX Font Info:    Checking defaults for OMX/cmex/m/n on input line 135.
LaTeX Font Info:    ... okay on input line 135.
LaTeX Font Info:    Checking defaults for U/cmr/m/n on input line 135.
LaTeX Font Info:    ... okay on input line 135.
LaTeX Font Info:    Checking defaults for PD1/pdf/m/n on input line 135.
LaTeX Font Info:    ... okay on input line 135.
LaTeX Font Info:    Try loading font information for OT1+ptm on input line 135.


(/usr/local/texlive/2015/texmf-dist/tex/latex/psnfss/ot1ptm.fd
File: ot1ptm.fd 2001/06/04 font definitions for OT1/ptm.
)
(/usr/local/texlive/2015/texmf-dist/tex/context/base/supp-pdf.mkii
[Loading MPS to PDF converter (version 2006.09.02).]
\scratchcounter=\count134
\scratchdimen=\dimen141
\scratchbox=\box34
\nofMPsegments=\count135
\nofMParguments=\count136
\everyMPshowfont=\toks36
\MPscratchCnt=\count137
\MPscratchDim=\dimen142
\MPnumerator=\count138
\makeMPintoPDFobject=\count139
\everyMPtoPDFconversion=\toks37
) (/usr/local/texlive/2015/texmf-dist/tex/latex/oberdiek/epstopdf-base.sty
Package: epstopdf-base 2010/02/09 v2.5 Base part for package epstopdf

(/usr/local/texlive/2015/texmf-dist/tex/latex/oberdiek/grfext.sty
Package: grfext 2010/08/19 v1.1 Manage graphics extensions (HO)
)
Package grfext Info: Graphics extension search list:
(grfext)             [.png,.pdf,.jpg,.mps,.jpeg,.jbig2,.jb2,.PNG,.PDF,.JPG,.JPE
G,.JBIG2,.JB2,.eps]
(grfext)             \AppendGraphicsExtensions on input line 452.

(/usr/local/texlive/2015/texmf-dist/tex/latex/latexconfig/epstopdf-sys.cfg
File: epstopdf-sys.cfg 2010/07/13 v1.3 Configuration of (r)epstopdf for TeX Liv
e
))
\AtBeginShipoutBox=\box35
Package hyperref Info: Link coloring ON on input line 135.

(/usr/local/texlive/2015/texmf-dist/tex/latex/hyperref/nameref.sty
Package: nameref 2012/10/27 v2.43 Cross-referencing by name of section

(/usr/local/texlive/2015/texmf-dist/tex/generic/oberdiek/gettitlestring.sty
Package: gettitlestring 2010/12/03 v1.4 Cleanup title references (HO)
)
\c@section@level=\count140
)
LaTeX Info: Redefining \ref on input line 135.
LaTeX Info: Redefining \pageref on input line 135.
LaTeX Info: Redefining \nameref on input line 135.

(./icmlpaper2017.out) (./icmlpaper2017.out)
\@outlinefile=\write3
\openout3 = `icmlpaper2017.out'.

Package caption Info: Begin \AtBeginDocument code.
Package caption Info: End \AtBeginDocument code.
LaTeX Font Info:    Font shape `OT1/ptm/bx/n' in size <9> not available
(Font)              Font shape `OT1/ptm/b/n' tried instead on input line 174.
LaTeX Font Info:    Font shape `OT1/ptm/bx/n' in size <14.4> not available
(Font)              Font shape `OT1/ptm/b/n' tried instead on input line 174.
LaTeX Font Info:    Font shape `OT1/ptm/bx/n' in size <10> not available
(Font)              Font shape `OT1/ptm/b/n' tried instead on input line 174.
\c@@affil@anon=\count141
LaTeX Font Info:    Try loading font information for U+msa on input line 174.

(/usr/local/texlive/2015/texmf-dist/tex/latex/amsfonts/umsa.fd
File: umsa.fd 2013/01/14 v3.01 AMS symbols A
)
LaTeX Font Info:    Try loading font information for U+msb on input line 174.

(/usr/local/texlive/2015/texmf-dist/tex/latex/amsfonts/umsb.fd
File: umsb.fd 2013/01/14 v3.01 AMS symbols B
)
LaTeX Font Info:    Font shape `OT1/ptm/bx/n' in size <12> not available
(Font)              Font shape `OT1/ptm/b/n' tried instead on input line 188.

Underfull \vbox (badness 10000) has occurred while \output is active []

 [1{/usr/local/texlive/2015/texmf-var/fonts/map/pdftex/updmap/pdftex.map}



]
Underfull \vbox (badness 10000) has occurred while \output is active []



LaTeX Warning: Reference `almostlamdaharmonic' on page 2 undefined on input lin
e 255.

LaTeX Font Info:    Try loading font information for OT1+phv on input line 260.

(/usr/local/texlive/2015/texmf-dist/tex/latex/psnfss/ot1phv.fd
File: ot1phv.fd 2001/06/04 scalable font definitions for OT1/phv.
) [2]
Underfull \hbox (badness 10000) in paragraph at lines 281--281
[]|\OT1/ptm/m/sc/9 Potential
 []


Underfull \hbox (badness 10000) in paragraph at lines 281--281
[]|\OT1/ptm/m/sc/9 GD Con-ver-
 []


Overfull \hbox (0.7585pt too wide) in paragraph at lines 284--284
[]|\OT1/ptm/m/sc/9 Exponential| 
 []


Underfull \vbox (badness 1577) has occurred while \output is active []


Overfull \hbox (1.59016pt too wide) detected at line 326
[]\OT1/cmr/m/n/10 ([]) = [] [] [][]
 []


Underfull \hbox (badness 1502) in paragraph at lines 326--331
\OT1/ptm/m/n/10 We would rather work with the true loss di-rectly:
 []


Overfull \hbox (7.68607pt too wide) detected at line 333
\OML/cmm/m/it/10 L\OT1/cmr/m/n/10 ([]) = [] []
 []


Overfull \hbox (5.37343pt too wide) detected at line 337
\OT1/cmr/m/n/10 = [] [] \OML/cmm/m/it/10 a[]a[]\OT1/cmr/m/n/10 ^^H(\OML/cmm/m/i
t/10 ^^R[]; ^^R[]\OT1/cmr/m/n/10 ) + 2\OML/cmm/m/it/10 a[]b[]\OT1/cmr/m/n/10 ^^
H(\OML/cmm/m/it/10 ^^R[]; w[]\OT1/cmr/m/n/10 ) + \OML/cmm/m/it/10 b[]b[]\OT1/cm
r/m/n/10 ^^H(\OML/cmm/m/it/10 w[]; w[]\OT1/cmr/m/n/10 )
 []

[3]
LaTeX Font Info:    Try loading font information for U+euf on input line 388.
 (/usr/local/texlive/2015/texmf-dist/tex/latex/amsfonts/ueuf.fd
File: ueuf.fd 2013/01/14 v3.01 Euler Fraktur
)
Overfull \hbox (6.0239pt too wide) detected at line 425
[] \OT1/cmr/m/n/10 = \OMS/cmsy/m/n/10 ^^@ [] \OML/cmm/m/it/10 a[]a[]\OMS/cmsy/m
/n/10 r[]\OT1/cmr/m/n/10 ^^H(\OML/cmm/m/it/10 ^^R[]; ^^R[]\OT1/cmr/m/n/10 ) \OM
S/cmsy/m/n/10 ^^@ [] \OML/cmm/m/it/10 a[]b[]\OMS/cmsy/m/n/10 r[]\OT1/cmr/m/n/10
 ^^H(\OML/cmm/m/it/10 ^^R[]; w[]\OT1/cmr/m/n/10 )
 []

[4]
Overfull \hbox (12.78293pt too wide) detected at line 440
[]\OT1/cmr/m/n/10 (\OML/cmm/m/it/10 a; ^^R\OT1/cmr/m/n/10 ) = 2 [] [] \OML/cmm/
m/it/10 a[]a[]\OT1/cmr/m/n/10 ^^H(\OML/cmm/m/it/10 ^^R[]; ^^R[]\OT1/cmr/m/n/10 
) + 2 [] [] \OML/cmm/m/it/10 a[]b[]\OT1/cmr/m/n/10 ^^H(\OML/cmm/m/it/10 ^^R[]; 
w[]\OT1/cmr/m/n/10 )
 []


Underfull \hbox (badness 1127) in paragraph at lines 452--454
[]\OT1/ptm/b/n/10 Theorem 3.3. []\OT1/ptm/m/it/10 ([][]Arnold et al.[][], [][]1
985[][])[Earn-shaw] Let
 []

[5]
Underfull \hbox (badness 10000) in paragraph at lines 517--519
\OT1/ptm/m/n/10 By the sub-har-monic con-di-tion, $\OML/cmm/m/it/10 tr\OT1/cmr/
m/n/10 (\OMS/cmsy/m/n/10 r[]\OML/cmm/m/it/10 H\OT1/cmr/m/n/10 ) =
 []


Overfull \hbox (9.95537pt too wide) in paragraph at lines 544--544
[] 
 []


Overfull \hbox (4.46796pt too wide) detected at line 553
\OT1/cmr/m/n/10 ^^A[]\OML/cmm/m/it/10 H \OT1/cmr/m/n/10 = \OML/cmm/m/it/10 ^^U 
[] a[] []
 []

[6]
Overfull \hbox (12.67682pt too wide) detected at line 583
\OMS/cmsy/m/n/10 M[] \OT1/cmr/m/n/10 = []
 []

[7]
Overfull \hbox (38.98376pt too wide) detected at line 658
\OMS/cmsy/m/n/10 j[]j \OT1/cmr/m/n/10 = \OMS/cmsy/m/n/10 j\OT1/cmr/m/n/10 2 [] 
\OML/cmm/m/it/10 b[]\OT1/cmr/m/n/10 ^^H(\OML/cmm/m/it/10 ^^R[]w[]\OT1/cmr/m/n/1
0 ) + 2 [] \OML/cmm/m/it/10 a[]\OT1/cmr/m/n/10 ^^H(\OML/cmm/m/it/10 ^^R[]^^R[]\
OT1/cmr/m/n/10 ) + (2^^H(1) + 2)\OML/cmm/m/it/10 a[]\OMS/cmsy/m/n/10 j ^^T \OML
/cmm/m/it/10 ^^O
 []


Overfull \hbox (25.40796pt too wide) detected at line 672
\OT1/cmr/m/n/10 2\OML/cmm/m/it/10 k[]\OMS/cmsy/m/n/10 j [] \OML/cmm/m/it/10 b[]
\OT1/cmr/m/n/10 (\OML/cmm/m/it/10 ^^R[]w[]\OT1/cmr/m/n/10 )[] + [] \OML/cmm/m/i
t/10 a[]\OT1/cmr/m/n/10 (\OML/cmm/m/it/10 ^^R[]^^R[]\OT1/cmr/m/n/10 )[]\OMS/cms
y/m/n/10 j ^^T \OT1/cmr/m/n/10 2\OML/cmm/m/it/10 poly\OT1/cmr/m/n/10 (\OML/cmm/
m/it/10 d; k; m\OT1/cmr/m/n/10 )\OML/cmm/m/it/10 e[]
 []


Overfull \hbox (16.35114pt too wide) detected at line 689
\OT1/cmr/m/n/10 +\OML/cmm/m/it/10 k[]\OT1/cmr/m/n/10 (\OML/cmm/m/it/10 ^^R[]w[]
\OT1/cmr/m/n/10 )[]) + 2 [] [] \OML/cmm/m/it/10 a[]a[]\OT1/cmr/m/n/10 (\OMS/cms
y/m/n/10 ^^@\OT1/cmr/m/n/10 ^^H(\OML/cmm/m/it/10 ^^R[]^^R[]\OT1/cmr/m/n/10 ) + 
\OML/cmm/m/it/10 k[]\OT1/cmr/m/n/10 (\OML/cmm/m/it/10 ^^R[]^^R[]\OT1/cmr/m/n/10
 )[])
 []


Overfull \hbox (9.83226pt too wide) detected at line 693
\OMS/cmsy/m/n/10 j\OT1/cmr/m/n/10 ^^A[]\OML/cmm/m/it/10 H \OT1/cmr/m/n/10 + [](
2^^H(\OML/cmm/m/it/10 ^^R[]^^R[]\OT1/cmr/m/n/10 ) + 2)\OML/cmm/m/it/10 a[] \OT1
/cmr/m/n/10 + 2 [] \OML/cmm/m/it/10 a[]a[]\OT1/cmr/m/n/10 ^^H(\OML/cmm/m/it/10 
^^R[]^^R[]\OT1/cmr/m/n/10 )\OMS/cmsy/m/n/10 j ^^T \OML/cmm/m/it/10 ^^O\OMS/cmsy
/m/n/10 j\OML/cmm/m/it/10 a[]\OMS/cmsy/m/n/10 j
 []


Underfull \hbox (badness 10000) in paragraph at lines 714--715

 []


Underfull \hbox (badness 2538) in paragraph at lines 720--721
[]\OT1/ptm/b/n/10 Theorem 4.6. []\OT1/ptm/m/it/10 As-sume the con-di-tions of [
][]4.5[][]. If
 []

[8]
Underfull \hbox (badness 1147) in paragraph at lines 778--779
[]\OT1/ptm/m/n/10 For our ex-per-i-ments, our train-ing data is given by
 []


Underfull \hbox (badness 10000) in paragraph at lines 795--795
[]|\OT1/ptm/m/sc/9 Width
 []


Underfull \hbox (badness 10000) in paragraph at lines 795--795
[]|\OT1/ptm/m/sc/9 Width
 []


Underfull \hbox (badness 10000) in paragraph at lines 795--795
[]|\OT1/ptm/m/sc/9 Width
 []


Underfull \hbox (badness 10000) in paragraph at lines 795--795
[]|\OT1/ptm/m/sc/9 Width
 []


Underfull \hbox (badness 10000) in paragraph at lines 796--796
[]|\OT1/ptm/m/sc/9 Depth
 []


Underfull \hbox (badness 10000) in paragraph at lines 797--797
[]|\OT1/ptm/m/sc/9 Depth
 []


Underfull \hbox (badness 10000) in paragraph at lines 798--798
[]|\OT1/ptm/m/sc/9 Depth
 []


Underfull \hbox (badness 10000) in paragraph at lines 799--799
[]|\OT1/ptm/m/sc/9 Depth
 []


Overfull \hbox (2.12994pt too wide) in paragraph at lines 787--803
 [] 
 []

<plotChangeDepth.jpg, id=226, 930.47626pt x 772.8875pt>
File: plotChangeDepth.jpg Graphic file (type jpg)

<use plotChangeDepth.jpg>
Package pdftex.def Info: plotChangeDepth.jpg used on input line 809.
(pdftex.def)             Requested size: 115.63243pt x 96.04462pt.

<plotChangeWidth.jpg, id=227, 772.8875pt x 585.18625pt>
File: plotChangeWidth.jpg Graphic file (type jpg)

<use plotChangeWidth.jpg>
Package pdftex.def Info: plotChangeWidth.jpg used on input line 809.
(pdftex.def)             Requested size: 127.9182pt x 96.84622pt.

Overfull \hbox (17.70686pt too wide) in paragraph at lines 809--810
 [][] 
 []

[9] (./icmlpaper2017.bbl
LaTeX Font Info:    Try loading font information for OT1+pcr on input line 24.

(/usr/local/texlive/2015/texmf-dist/tex/latex/psnfss/ot1pcr.fd
File: ot1pcr.fd 2001/06/04 font definitions for OT1/pcr.
)
Underfull \hbox (badness 10000) in paragraph at lines 27--32
[]\OT1/ptm/m/n/10 Auer, Pe-ter, Herb-ster, Mark, and War-muth,
 []


Underfull \hbox (badness 5696) in paragraph at lines 27--32
\OT1/ptm/m/n/10 Man-fred K.  Ex-po-nen-tially many lo-cal min-
 []


Underfull \hbox (badness 3769) in paragraph at lines 27--32
\OT1/ptm/m/n/10 ima for sin-gle neu-rons.  pp. 316--322, 1996.
 []


Underfull \hbox (badness 10000) in paragraph at lines 27--32
\OT1/ptm/m/n/10 URL [][]$\OT1/pcr/m/n/10 http : / / papers . nips . cc / paper 
/
 []


Overfull \hbox (123.65625pt too wide) in paragraph at lines 27--32
\OT1/pcr/m/n/10 1028-[]exponentially-[]many-[]local-[]minima-[]for-[]single-[]n
eurons .
 []


Underfull \hbox (badness 2626) in paragraph at lines 61--66
\OT1/ptm/m/n/10 ing by ex-po-nen-tial lin-ear units (elus).  \OT1/ptm/m/it/10 C
oRR\OT1/ptm/m/n/10 ,
 []


Underfull \hbox (badness 1603) in paragraph at lines 61--66
\OT1/ptm/m/n/10 abs/1511.07289, 2015.  URL [][]$\OT1/pcr/m/n/10 http : / / arxi
v .
 []


Underfull \hbox (badness 3128) in paragraph at lines 76--82
\OT1/ptm/m/n/10 Cho, Kyunghyun, Gan-guli, Surya, and Ben-gio,
 []


Underfull \hbox (badness 1603) in paragraph at lines 91--95
\OT1/ptm/m/n/10 abs/1605.07272, 2016.  URL [][]$\OT1/pcr/m/n/10 http : / / arxi
v .
 []

[10 <./plotChangeDepth.jpg> <./plotChangeWidth.jpg>]
Underfull \hbox (badness 1205) in paragraph at lines 97--101
[]\OT1/ptm/m/n/10 Goel, Surbhi, Kanade, Varun, Kli-vans, Adam, and
 []

) [11]
Underfull \hbox (badness 1377) in paragraph at lines 864--870
[]\OT1/ptm/m/n/10 By Lemma [][]A.1[][], the cal-cu-la-tions of the activation-
 []


Overfull \hbox (4.78027pt too wide) in paragraph at lines 875--875
[] 
 []


Overfull \hbox (9.79102pt too wide) in paragraph at lines 881--881
[] 
 []


Overfull \hbox (0.78261pt too wide) in paragraph at lines 902--902
[] 
 []

[12]
Underfull \hbox (badness 1264) in paragraph at lines 941--942
[]\OT1/ptm/m/n/10 First note that $\OT1/cmr/m/n/10 ^^H$ \OT1/ptm/m/n/10 is twic
e dif-fer-en-tiable and
 []


Underfull \hbox (badness 1648) in paragraph at lines 941--942
\OT1/ptm/m/n/10 by our bounds on $\OMS/cmsy/m/n/10 kr[]\OT1/cmr/m/n/10 ^^H\OMS/
cmsy/m/n/10 k$\OT1/ptm/m/n/10 , we can naively bound
 []

[13]
Overfull \hbox (5.4916pt too wide) detected at line 1057
\OMS/cmsy/m/n/10 F[] \OT1/cmr/m/n/10 = \OMS/cmsy/m/n/10 f\OML/cmm/m/it/10 x \OM
S/cmsy/m/n/10 ! \OML/cmm/m/it/10 ^^[[]\OT1/cmr/m/n/10 (\OML/cmm/m/it/10 x[]^^R\
OT1/cmr/m/n/10 )\OML/cmm/m/it/10 ^^[[]\OT1/cmr/m/n/10 (\OML/cmm/m/it/10 x[]w\OT
1/cmr/m/n/10 )\OMS/cmsy/m/n/10 j\OML/cmm/m/it/10 x \OMS/cmsy/m/n/10 2 X\OML/cmm
/m/it/10 ; ^^R; w \OMS/cmsy/m/n/10 2 \OML/cmm/m/it/10 S[]\OMS/cmsy/m/n/10 g\OML
/cmm/m/it/10 :
 []

[14]
Overfull \hbox (43.2093pt too wide) detected at line 1073
\OML/cmm/m/it/10 R[]\OT1/cmr/m/n/10 (\OML/cmm/m/it/10 s \OMS/cmsy/m/n/10 ^^N \O
ML/cmm/m/it/10 ^^[[] \OMS/cmsy/m/n/10 ^^N G\OT1/cmr/m/n/10 ) \OMS/cmsy/m/n/10 ^
^T \OT1/cmr/m/n/10 8\OML/cmm/m/it/10 CLB[]; R[]\OT1/cmr/m/n/10 (\OML/cmm/m/it/1
0 s \OMS/cmsy/m/n/10 ^^N \OT1/cmr/m/n/10 (\OML/cmm/m/it/10 ^^[[] \OMS/cmsy/m/n/
10 ^^N G \OT1/cmr/m/n/10 + \OML/cmm/m/it/10 ^^[[] \OMS/cmsy/m/n/10 ^^N G\OT1/cm
r/m/n/10 )) \OMS/cmsy/m/n/10 ^^T \OT1/cmr/m/n/10 32\OML/cmm/m/it/10 CLB[]
 []


Underfull \hbox (badness 10000) in paragraph at lines 1157--1158
[]\OT1/ptm/m/it/10 Then, we can choose step-size $\OML/cmm/m/it/10 ^^Q \OT1/cmr
/m/n/10 =
 []


Underfull \hbox (badness 10000) in paragraph at lines 1157--1158
\OT1/cmr/m/n/10 1\OML/cmm/m/it/10 =poly\OT1/cmr/m/n/10 (\OML/cmm/m/it/10 d; B; 
C; ^^Z; \OT1/cmr/m/n/10 1\OML/cmm/m/it/10 =^^O; []\OT1/cmr/m/n/10 (1\OML/cmm/m/
it/10 =^^P\OT1/cmr/m/n/10 ))$\OT1/ptm/m/it/10 , such that with
 []

[15]
Underfull \hbox (badness 5696) in paragraph at lines 1230--1231
[]\OT1/ptm/m/n/10 WLOG, $\OML/cmm/m/it/10 w[]$ \OT1/ptm/m/n/10 be a clos-est po
int to $\OML/cmm/m/it/10 ^^R[]$\OT1/ptm/m/n/10 . Since
 []


Underfull \vbox (badness 10000) has occurred while \output is active []

 [16]
Overfull \hbox (6.12415pt too wide) in paragraph at lines 1287--1289
[] []$\OML/cmm/m/it/10 a \OT1/cmr/m/n/10 = \OML/cmm/m/it/10 GradientDescent []$
 
 []

Missing character: There is no € in font phvr7t!
Missing character: There is no ™ in font phvr7t!
Missing character: There is no € in font phvr7t!
Missing character: There is no ™ in font phvr7t!

Underfull \vbox (badness 1810) has occurred while \output is active []

 [17]
Overfull \hbox (7.09247pt too wide) detected at line 1352
\OMS/cmsy/m/n/10 r[]\OT1/cmr/m/n/10 (\OML/cmm/m/it/10 a[]\OT1/cmr/m/n/10 )[] = 
2\OML/cmm/m/it/10 a[][]\OMS/cmsy/m/n/10 r[][]\OT1/cmr/m/n/10 (\OML/cmm/m/it/10 
^^R[]\OT1/cmr/m/n/10 ) = [](\OMS/cmsy/m/n/10 ^^@r[][]\OT1/cmr/m/n/10 )
 []

[18]
Overfull \hbox (18.42815pt too wide) detected at line 1397
\OMS/cmsy/m/n/10 j[]j \OT1/cmr/m/n/10 = \OMS/cmsy/m/n/10 j\OT1/cmr/m/n/10 2 [] 
\OML/cmm/m/it/10 b[]\OT1/cmr/m/n/10 ^^H(\OML/cmm/m/it/10 ^^R[]w[]\OT1/cmr/m/n/1
0 ) + 2 [] \OML/cmm/m/it/10 a[]\OT1/cmr/m/n/10 ^^H(\OML/cmm/m/it/10 ^^R[]^^R[]\
OT1/cmr/m/n/10 ) + 2\OML/cmm/m/it/10 a[]\OT1/cmr/m/n/10 ^^H(1)\OMS/cmsy/m/n/10 
j ^^T \OML/cmm/m/it/10 ^^O
 []


Overfull \hbox (25.71864pt too wide) detected at line 1411
\OT1/cmr/m/n/10 2\OML/cmm/m/it/10 k[]\OMS/cmsy/m/n/10 j [] \OML/cmm/m/it/10 b[]
\OT1/cmr/m/n/10 (\OML/cmm/m/it/10 ^^R[]w[]\OT1/cmr/m/n/10 )[] + [] \OML/cmm/m/i
t/10 a[]\OT1/cmr/m/n/10 (\OML/cmm/m/it/10 ^^R[]^^R[]\OT1/cmr/m/n/10 )[]\OMS/cms
y/m/n/10 j ^^T \OT1/cmr/m/n/10 2\OML/cmm/m/it/10 poly\OT1/cmr/m/n/10 (\OML/cmm/
m/it/10 d; k; N\OT1/cmr/m/n/10 )\OML/cmm/m/it/10 e[]
 []


Overfull \hbox (21.40367pt too wide) detected at line 1416
\OT1/cmr/m/n/10 ^^A[]\OML/cmm/m/it/10 L \OMS/cmsy/m/n/10 ^^T ^^@\OT1/cmr/m/n/10
 2\OML/cmm/m/it/10 a[]\OT1/cmr/m/n/10 ^^H(1) + \OML/cmm/m/it/10 ^^O\OMS/cmsy/m/
n/10 j\OML/cmm/m/it/10 a[]\OMS/cmsy/m/n/10 j \OT1/cmr/m/n/10 + (\OML/cmm/m/it/1
0 ^^O=\OT1/cmr/m/n/10 2)\OMS/cmsy/m/n/10 j\OML/cmm/m/it/10 a[]\OMS/cmsy/m/n/10 
j ^^T j\OML/cmm/m/it/10 a[]\OMS/cmsy/m/n/10 j\OT1/cmr/m/n/10 (\OMS/cmsy/m/n/10 
^^@\OT1/cmr/m/n/10 2\OML/cmm/m/it/10 ^^O\OT1/cmr/m/n/10 ^^H(1) + 3\OML/cmm/m/it
/10 ^^O=\OT1/cmr/m/n/10 2)
 []


Overfull \hbox (16.35114pt too wide) detected at line 1428
\OT1/cmr/m/n/10 +\OML/cmm/m/it/10 k[]\OT1/cmr/m/n/10 (\OML/cmm/m/it/10 ^^R[]w[]
\OT1/cmr/m/n/10 )[]) + 2 [] [] \OML/cmm/m/it/10 a[]a[]\OT1/cmr/m/n/10 (\OMS/cms
y/m/n/10 ^^@\OT1/cmr/m/n/10 ^^H(\OML/cmm/m/it/10 ^^R[]^^R[]\OT1/cmr/m/n/10 ) + 
\OML/cmm/m/it/10 k[]\OT1/cmr/m/n/10 (\OML/cmm/m/it/10 ^^R[]^^R[]\OT1/cmr/m/n/10
 )[])
 []


Underfull \hbox (badness 10000) in paragraph at lines 1453--1454

 []

[19]
Overfull \hbox (2.51376pt too wide) in paragraph at lines 1495--1495
[] 
 []


Underfull \hbox (badness 1436) in paragraph at lines 1497--1498
\OML/cmm/m/it/10 L\OT1/cmr/m/n/10 (\OML/cmm/m/it/10 a[]; ^^R[]; a[]; ^^R[]\OT1/
cmr/m/n/10 )$\OT1/ptm/m/n/10 , this fol-lows im-me-di-ately from the
 []

[20]
Underfull \hbox (badness 1527) in paragraph at lines 1533--1535
[]\OT1/ptm/m/n/10 Therefore, we con-clude that we con-verge to $\OML/cmm/m/it/1
0 ^^R \OMS/cmsy/m/n/10 2
 []


Overfull \hbox (76.9671pt too wide) detected at line 1541
\OML/cmm/m/it/10 ^^U \OT1/cmr/m/n/10 = [] [] [](\OML/cmm/m/it/10 ab[]l\OT1/cmr/
m/n/10 (\OML/cmm/m/it/10 ^^R[]\OT1/cmr/m/n/10 )[] \OMS/cmsy/m/n/10 ^^@ \OML/cmm
/m/it/10 ^^U^^R[]\OT1/cmr/m/n/10 )[] = [] \OML/cmm/m/it/10 ab[]l\OT1/cmr/m/n/10
 (\OML/cmm/m/it/10 ^^R[]\OT1/cmr/m/n/10 )[] = \OMS/cmsy/m/n/10 ^^@\OML/cmm/m/it
/10 la[] \OT1/cmr/m/n/10 + \OML/cmm/m/it/10 poly\OT1/cmr/m/n/10 (\OML/cmm/m/it/
10 ^^O; \OT1/cmr/m/n/10 1\OML/cmm/m/it/10 =d\OT1/cmr/m/n/10 )
 []


Overfull \hbox (67.86624pt too wide) in paragraph at lines 1591--1591
[] 
 []


Overfull \hbox (39.30754pt too wide) in paragraph at lines 1608--1608
[] 
 []

[21]
Package atveryend Info: Empty hook `BeforeClearDocument' on input line 1623.
 [22

]
Package atveryend Info: Empty hook `AfterLastShipout' on input line 1623.
 (./icmlpaper2017.aux)
Package atveryend Info: Executing hook `AtVeryEndDocument' on input line 1623.
Package atveryend Info: Executing hook `AtEndAfterFileList' on input line 1623.

Package rerunfilecheck Info: File `icmlpaper2017.out' has not changed.
(rerunfilecheck)             Checksum: D41D8CD98F00B204E9800998ECF8427E;0.


LaTeX Warning: There were undefined references.

Package atveryend Info: Empty hook `AtVeryVeryEnd' on input line 1623.
 ) 
Here is how much of TeX's memory you used:
 9255 strings out of 493089
 136690 string characters out of 6134842
 248448 words of memory out of 5000000
 12387 multiletter control sequences out of 15000+600000
 37350 words of font info for 94 fonts, out of 8000000 for 9000
 1141 hyphenation exceptions out of 8191
 36i,13n,45p,1145b,664s stack positions out of 5000i,500n,10000p,200000b,80000s
{/usr/local/texlive/2015/texmf-dist/fonts/enc/dvips/base/8r.enc}</usr/local/t
exlive/2015/texmf-dist/fonts/type1/public/amsfonts/cmextra/cmbsy7.pfb></usr/loc
al/texlive/2015/texmf-dist/fonts/type1/public/amsfonts/cm/cmbx10.pfb></usr/loca
l/texlive/2015/texmf-dist/fonts/type1/public/amsfonts/cm/cmbx7.pfb></usr/local/
texlive/2015/texmf-dist/fonts/type1/public/amsfonts/cm/cmex10.pfb></usr/local/t
exlive/2015/texmf-dist/fonts/type1/public/amsfonts/cmextra/cmex7.pfb></usr/loca
l/texlive/2015/texmf-dist/fonts/type1/public/amsfonts/cm/cmmi10.pfb></usr/local
/texlive/2015/texmf-dist/fonts/type1/public/amsfonts/cm/cmmi12.pfb></usr/local/
texlive/2015/texmf-dist/fonts/type1/public/amsfonts/cm/cmmi5.pfb></usr/local/te
xlive/2015/texmf-dist/fonts/type1/public/amsfonts/cm/cmmi6.pfb></usr/local/texl
ive/2015/texmf-dist/fonts/type1/public/amsfonts/cm/cmmi7.pfb></usr/local/texliv
e/2015/texmf-dist/fonts/type1/public/amsfonts/cm/cmmi9.pfb></usr/local/texlive/
2015/texmf-dist/fonts/type1/public/amsfonts/cm/cmmib10.pfb></usr/local/texlive/
2015/texmf-dist/fonts/type1/public/amsfonts/cmextra/cmmib7.pfb></usr/local/texl
ive/2015/texmf-dist/fonts/type1/public/amsfonts/cm/cmr10.pfb></usr/local/texliv
e/2015/texmf-dist/fonts/type1/public/amsfonts/cm/cmr5.pfb></usr/local/texlive/2
015/texmf-dist/fonts/type1/public/amsfonts/cm/cmr6.pfb></usr/local/texlive/2015
/texmf-dist/fonts/type1/public/amsfonts/cm/cmr7.pfb></usr/local/texlive/2015/te
xmf-dist/fonts/type1/public/amsfonts/cm/cmr9.pfb></usr/local/texlive/2015/texmf
-dist/fonts/type1/public/amsfonts/cm/cmsy10.pfb></usr/local/texlive/2015/texmf-
dist/fonts/type1/public/amsfonts/cm/cmsy5.pfb></usr/local/texlive/2015/texmf-di
st/fonts/type1/public/amsfonts/cm/cmsy6.pfb></usr/local/texlive/2015/texmf-dist
/fonts/type1/public/amsfonts/cm/cmsy7.pfb></usr/local/texlive/2015/texmf-dist/f
onts/type1/public/amsfonts/cm/cmsy9.pfb></usr/local/texlive/2015/texmf-dist/fon
ts/type1/public/amsfonts/euler/eufm10.pfb></usr/local/texlive/2015/texmf-dist/f
onts/type1/public/amsfonts/symbols/msbm10.pfb></usr/local/texlive/2015/texmf-di
st/fonts/type1/public/amsfonts/symbols/msbm7.pfb></usr/local/texlive/2015/texmf
-dist/fonts/type1/urw/courier/ucrr8a.pfb></usr/local/texlive/2015/texmf-dist/fo
nts/type1/urw/helvetic/uhvr8a.pfb></usr/local/texlive/2015/texmf-dist/fonts/typ
e1/urw/times/utmb8a.pfb></usr/local/texlive/2015/texmf-dist/fonts/type1/urw/tim
es/utmr8a.pfb></usr/local/texlive/2015/texmf-dist/fonts/type1/urw/times/utmri8a
.pfb>
Output written on icmlpaper2017.pdf (22 pages, 544771 bytes).
PDF statistics:
 588 PDF objects out of 1000 (max. 8388607)
 522 compressed objects within 6 object streams
 145 named destinations out of 1000 (max. 500000)
 11 words of extra memory for PDF output out of 10000 (max. 10000000)

